{"/media/adnankamil27/MEDIA/coding/hacktiv/Phase 2/w3/e.commerce/project w3/server/app.js": {"path":"/media/adnankamil27/MEDIA/coding/hacktiv/Phase 2/w3/e.commerce/project w3/server/app.js","statementMap":{"0":{"start":{"line":1,"column":0},"end":{"line":3,"column":1}},"1":{"start":{"line":2,"column":4},"end":{"line":2,"column":30}},"2":{"start":{"line":5,"column":16},"end":{"line":5,"column":34}},"3":{"start":{"line":6,"column":12},"end":{"line":6,"column":21}},"4":{"start":{"line":7,"column":13},"end":{"line":7,"column":37}},"5":{"start":{"line":8,"column":14},"end":{"line":8,"column":33}},"6":{"start":{"line":9,"column":21},"end":{"line":9,"column":58}},"7":{"start":{"line":11,"column":0},"end":{"line":11,"column":23}},"8":{"start":{"line":12,"column":0},"end":{"line":12,"column":45}},"9":{"start":{"line":13,"column":0},"end":{"line":13,"column":14}},"10":{"start":{"line":14,"column":0},"end":{"line":14,"column":21}},"11":{"start":{"line":17,"column":0},"end":{"line":21,"column":1}},"12":{"start":{"line":18,"column":4},"end":{"line":20,"column":6}},"13":{"start":{"line":19,"column":8},"end":{"line":19,"column":34}},"14":{"start":{"line":23,"column":0},"end":{"line":23,"column":20}}},"fnMap":{"0":{"name":"(anonymous_0)","decl":{"start":{"line":18,"column":21},"end":{"line":18,"column":22}},"loc":{"start":{"line":18,"column":27},"end":{"line":20,"column":5}},"line":18}},"branchMap":{"0":{"loc":{"start":{"line":1,"column":0},"end":{"line":3,"column":1}},"type":"if","locations":[{"start":{"line":1,"column":0},"end":{"line":3,"column":1}},{"start":{"line":1,"column":0},"end":{"line":3,"column":1}}],"line":1},"1":{"loc":{"start":{"line":1,"column":4},"end":{"line":1,"column":76}},"type":"binary-expr","locations":[{"start":{"line":1,"column":4},"end":{"line":1,"column":35}},{"start":{"line":1,"column":39},"end":{"line":1,"column":76}}],"line":1},"2":{"loc":{"start":{"line":7,"column":13},"end":{"line":7,"column":37}},"type":"binary-expr","locations":[{"start":{"line":7,"column":13},"end":{"line":7,"column":29}},{"start":{"line":7,"column":33},"end":{"line":7,"column":37}}],"line":7},"3":{"loc":{"start":{"line":17,"column":0},"end":{"line":21,"column":1}},"type":"if","locations":[{"start":{"line":17,"column":0},"end":{"line":21,"column":1}},{"start":{"line":17,"column":0},"end":{"line":21,"column":1}}],"line":17}},"s":{"0":5,"1":5,"2":5,"3":5,"4":5,"5":5,"6":5,"7":5,"8":5,"9":5,"10":5,"11":5,"12":0,"13":0,"14":5},"f":{"0":0},"b":{"0":[5,0],"1":[5,0],"2":[5,0],"3":[0,5]},"_coverageSchema":"1a1c01bbd47fc00a2c39e90264f33305004495a9","hash":"8942acf63984e5aad1631b4bf7b429b85268b10b"}
,"/media/adnankamil27/MEDIA/coding/hacktiv/Phase 2/w3/e.commerce/project w3/server/controllers/ProductController.js": {"path":"/media/adnankamil27/MEDIA/coding/hacktiv/Phase 2/w3/e.commerce/project w3/server/controllers/ProductController.js","statementMap":{"0":{"start":{"line":1,"column":20},"end":{"line":1,"column":40}},"1":{"start":{"line":5,"column":8},"end":{"line":7,"column":36}},"2":{"start":{"line":6,"column":26},"end":{"line":6,"column":52}},"3":{"start":{"line":7,"column":26},"end":{"line":7,"column":35}},"4":{"start":{"line":11,"column":27},"end":{"line":16,"column":9}},"5":{"start":{"line":17,"column":8},"end":{"line":19,"column":36}},"6":{"start":{"line":18,"column":26},"end":{"line":18,"column":52}},"7":{"start":{"line":19,"column":26},"end":{"line":19,"column":35}},"8":{"start":{"line":23,"column":8},"end":{"line":23,"column":36}},"9":{"start":{"line":25,"column":26},"end":{"line":30,"column":9}},"10":{"start":{"line":31,"column":8},"end":{"line":39,"column":27}},"11":{"start":{"line":33,"column":16},"end":{"line":33,"column":46}},"12":{"start":{"line":35,"column":16},"end":{"line":35,"column":61}},"13":{"start":{"line":37,"column":16},"end":{"line":37,"column":44}},"14":{"start":{"line":39,"column":16},"end":{"line":39,"column":25}},"15":{"start":{"line":43,"column":8},"end":{"line":45,"column":36}},"16":{"start":{"line":44,"column":26},"end":{"line":44,"column":71}},"17":{"start":{"line":45,"column":26},"end":{"line":45,"column":35}},"18":{"start":{"line":49,"column":0},"end":{"line":49,"column":34}}},"fnMap":{"0":{"name":"(anonymous_0)","decl":{"start":{"line":4,"column":4},"end":{"line":4,"column":5}},"loc":{"start":{"line":4,"column":32},"end":{"line":8,"column":5}},"line":4},"1":{"name":"(anonymous_1)","decl":{"start":{"line":6,"column":18},"end":{"line":6,"column":19}},"loc":{"start":{"line":6,"column":26},"end":{"line":6,"column":52}},"line":6},"2":{"name":"(anonymous_2)","decl":{"start":{"line":7,"column":19},"end":{"line":7,"column":20}},"loc":{"start":{"line":7,"column":26},"end":{"line":7,"column":35}},"line":7},"3":{"name":"(anonymous_3)","decl":{"start":{"line":10,"column":4},"end":{"line":10,"column":5}},"loc":{"start":{"line":10,"column":34},"end":{"line":20,"column":5}},"line":10},"4":{"name":"(anonymous_4)","decl":{"start":{"line":18,"column":18},"end":{"line":18,"column":19}},"loc":{"start":{"line":18,"column":26},"end":{"line":18,"column":52}},"line":18},"5":{"name":"(anonymous_5)","decl":{"start":{"line":19,"column":19},"end":{"line":19,"column":20}},"loc":{"start":{"line":19,"column":26},"end":{"line":19,"column":35}},"line":19},"6":{"name":"(anonymous_6)","decl":{"start":{"line":22,"column":4},"end":{"line":22,"column":5}},"loc":{"start":{"line":22,"column":34},"end":{"line":40,"column":5}},"line":22},"7":{"name":"(anonymous_7)","decl":{"start":{"line":32,"column":18},"end":{"line":32,"column":19}},"loc":{"start":{"line":32,"column":26},"end":{"line":35,"column":62}},"line":32},"8":{"name":"(anonymous_8)","decl":{"start":{"line":36,"column":19},"end":{"line":36,"column":20}},"loc":{"start":{"line":36,"column":26},"end":{"line":39,"column":26}},"line":36},"9":{"name":"(anonymous_9)","decl":{"start":{"line":42,"column":4},"end":{"line":42,"column":5}},"loc":{"start":{"line":42,"column":35},"end":{"line":46,"column":5}},"line":42},"10":{"name":"(anonymous_10)","decl":{"start":{"line":44,"column":18},"end":{"line":44,"column":19}},"loc":{"start":{"line":44,"column":26},"end":{"line":44,"column":71}},"line":44},"11":{"name":"(anonymous_11)","decl":{"start":{"line":45,"column":19},"end":{"line":45,"column":20}},"loc":{"start":{"line":45,"column":26},"end":{"line":45,"column":35}},"line":45}},"branchMap":{},"s":{"0":5,"1":1,"2":1,"3":0,"4":4,"5":4,"6":1,"7":3,"8":2,"9":2,"10":2,"11":1,"12":1,"13":1,"14":1,"15":1,"16":1,"17":0,"18":5},"f":{"0":1,"1":1,"2":0,"3":4,"4":1,"5":3,"6":2,"7":1,"8":1,"9":1,"10":1,"11":0},"b":{},"_coverageSchema":"1a1c01bbd47fc00a2c39e90264f33305004495a9","hash":"34097589727babeb317afdfb884bcf8c42987ce2"}
,"/media/adnankamil27/MEDIA/coding/hacktiv/Phase 2/w3/e.commerce/project w3/server/controllers/UserController.js": {"path":"/media/adnankamil27/MEDIA/coding/hacktiv/Phase 2/w3/e.commerce/project w3/server/controllers/UserController.js","statementMap":{"0":{"start":{"line":1,"column":17},"end":{"line":1,"column":37}},"1":{"start":{"line":2,"column":20},"end":{"line":2,"column":48}},"2":{"start":{"line":3,"column":12},"end":{"line":3,"column":35}},"3":{"start":{"line":7,"column":8},"end":{"line":23,"column":36}},"4":{"start":{"line":9,"column":16},"end":{"line":21,"column":17}},"5":{"start":{"line":10,"column":20},"end":{"line":10,"column":73}},"6":{"start":{"line":13,"column":37},"end":{"line":13,"column":78}},"7":{"start":{"line":14,"column":20},"end":{"line":20,"column":21}},"8":{"start":{"line":15,"column":38},"end":{"line":15,"column":81}},"9":{"start":{"line":16,"column":24},"end":{"line":16,"column":53}},"10":{"start":{"line":18,"column":24},"end":{"line":18,"column":70}},"11":{"start":{"line":23,"column":26},"end":{"line":23,"column":35}},"12":{"start":{"line":27,"column":0},"end":{"line":27,"column":31}}},"fnMap":{"0":{"name":"(anonymous_0)","decl":{"start":{"line":6,"column":4},"end":{"line":6,"column":5}},"loc":{"start":{"line":6,"column":33},"end":{"line":24,"column":5}},"line":6},"1":{"name":"(anonymous_1)","decl":{"start":{"line":8,"column":18},"end":{"line":8,"column":19}},"loc":{"start":{"line":8,"column":26},"end":{"line":22,"column":13}},"line":8},"2":{"name":"(anonymous_2)","decl":{"start":{"line":23,"column":19},"end":{"line":23,"column":20}},"loc":{"start":{"line":23,"column":26},"end":{"line":23,"column":35}},"line":23}},"branchMap":{"0":{"loc":{"start":{"line":9,"column":16},"end":{"line":21,"column":17}},"type":"if","locations":[{"start":{"line":9,"column":16},"end":{"line":21,"column":17}},{"start":{"line":9,"column":16},"end":{"line":21,"column":17}}],"line":9},"1":{"loc":{"start":{"line":14,"column":20},"end":{"line":20,"column":21}},"type":"if","locations":[{"start":{"line":14,"column":20},"end":{"line":20,"column":21}},{"start":{"line":14,"column":20},"end":{"line":20,"column":21}}],"line":14}},"s":{"0":5,"1":5,"2":5,"3":4,"4":4,"5":2,"6":2,"7":2,"8":1,"9":1,"10":1,"11":0,"12":5},"f":{"0":4,"1":4,"2":0},"b":{"0":[2,2],"1":[1,1]},"_coverageSchema":"1a1c01bbd47fc00a2c39e90264f33305004495a9","hash":"a85ac26eefe41adbb882eae2b226d7f71d01d800"}
,"/media/adnankamil27/MEDIA/coding/hacktiv/Phase 2/w3/e.commerce/project w3/server/helpers/bcrypt.js": {"path":"/media/adnankamil27/MEDIA/coding/hacktiv/Phase 2/w3/e.commerce/project w3/server/helpers/bcrypt.js","statementMap":{"0":{"start":{"line":1,"column":15},"end":{"line":1,"column":32}},"1":{"start":{"line":4,"column":4},"end":{"line":4,"column":61}},"2":{"start":{"line":8,"column":4},"end":{"line":8,"column":49}},"3":{"start":{"line":11,"column":0},"end":{"line":11,"column":37}}},"fnMap":{"0":{"name":"encrypt","decl":{"start":{"line":3,"column":9},"end":{"line":3,"column":16}},"loc":{"start":{"line":3,"column":27},"end":{"line":5,"column":1}},"line":3},"1":{"name":"compare","decl":{"start":{"line":7,"column":9},"end":{"line":7,"column":16}},"loc":{"start":{"line":7,"column":37},"end":{"line":9,"column":1}},"line":7}},"branchMap":{},"s":{"0":5,"1":1,"2":2,"3":5},"f":{"0":1,"1":2},"b":{},"_coverageSchema":"1a1c01bbd47fc00a2c39e90264f33305004495a9","hash":"5b89397586d351ff3fa35181352b544f395aace9"}
,"/media/adnankamil27/MEDIA/coding/hacktiv/Phase 2/w3/e.commerce/project w3/server/middlewares/authenticate.js": {"path":"/media/adnankamil27/MEDIA/coding/hacktiv/Phase 2/w3/e.commerce/project w3/server/middlewares/authenticate.js","statementMap":{"0":{"start":{"line":1,"column":12},"end":{"line":1,"column":35}},"1":{"start":{"line":2,"column":17},"end":{"line":2,"column":37}},"2":{"start":{"line":5,"column":4},"end":{"line":7,"column":5}},"3":{"start":{"line":6,"column":8},"end":{"line":6,"column":45}},"4":{"start":{"line":8,"column":4},"end":{"line":21,"column":5}},"5":{"start":{"line":9,"column":26},"end":{"line":9,"column":81}},"6":{"start":{"line":10,"column":8},"end":{"line":18,"column":14}},"7":{"start":{"line":12,"column":16},"end":{"line":17,"column":17}},"8":{"start":{"line":13,"column":20},"end":{"line":13,"column":50}},"9":{"start":{"line":15,"column":20},"end":{"line":15,"column":46}},"10":{"start":{"line":16,"column":20},"end":{"line":16,"column":26}},"11":{"start":{"line":20,"column":8},"end":{"line":20,"column":17}},"12":{"start":{"line":24,"column":0},"end":{"line":24,"column":29}}},"fnMap":{"0":{"name":"authenticate","decl":{"start":{"line":4,"column":9},"end":{"line":4,"column":21}},"loc":{"start":{"line":4,"column":39},"end":{"line":22,"column":1}},"line":4},"1":{"name":"(anonymous_1)","decl":{"start":{"line":11,"column":18},"end":{"line":11,"column":19}},"loc":{"start":{"line":11,"column":26},"end":{"line":18,"column":13}},"line":11}},"branchMap":{"0":{"loc":{"start":{"line":5,"column":4},"end":{"line":7,"column":5}},"type":"if","locations":[{"start":{"line":5,"column":4},"end":{"line":7,"column":5}},{"start":{"line":5,"column":4},"end":{"line":7,"column":5}}],"line":5},"1":{"loc":{"start":{"line":12,"column":16},"end":{"line":17,"column":17}},"type":"if","locations":[{"start":{"line":12,"column":16},"end":{"line":17,"column":17}},{"start":{"line":12,"column":16},"end":{"line":17,"column":17}}],"line":12}},"s":{"0":5,"1":5,"2":14,"3":2,"4":12,"5":12,"6":12,"7":12,"8":0,"9":12,"10":12,"11":0,"12":5},"f":{"0":14,"1":12},"b":{"0":[2,12],"1":[0,12]},"_coverageSchema":"1a1c01bbd47fc00a2c39e90264f33305004495a9","hash":"32bed78e69ceebbe5a466947e340c4144671ad11"}
,"/media/adnankamil27/MEDIA/coding/hacktiv/Phase 2/w3/e.commerce/project w3/server/middlewares/authorization.js": {"path":"/media/adnankamil27/MEDIA/coding/hacktiv/Phase 2/w3/e.commerce/project w3/server/middlewares/authorization.js","statementMap":{"0":{"start":{"line":4,"column":4},"end":{"line":8,"column":5}},"1":{"start":{"line":5,"column":8},"end":{"line":5,"column":14}},"2":{"start":{"line":7,"column":8},"end":{"line":7,"column":38}},"3":{"start":{"line":11,"column":0},"end":{"line":11,"column":30}}},"fnMap":{"0":{"name":"authorization","decl":{"start":{"line":3,"column":9},"end":{"line":3,"column":22}},"loc":{"start":{"line":3,"column":40},"end":{"line":9,"column":1}},"line":3}},"branchMap":{"0":{"loc":{"start":{"line":4,"column":4},"end":{"line":8,"column":5}},"type":"if","locations":[{"start":{"line":4,"column":4},"end":{"line":8,"column":5}},{"start":{"line":4,"column":4},"end":{"line":8,"column":5}}],"line":4}},"s":{"0":12,"1":8,"2":4,"3":5},"f":{"0":12},"b":{"0":[8,4]},"_coverageSchema":"1a1c01bbd47fc00a2c39e90264f33305004495a9","hash":"cf0734c3a984a60d33a1d5efaa3311cc86f514ce"}
,"/media/adnankamil27/MEDIA/coding/hacktiv/Phase 2/w3/e.commerce/project w3/server/middlewares/errorHandler.js": {"path":"/media/adnankamil27/MEDIA/coding/hacktiv/Phase 2/w3/e.commerce/project w3/server/middlewares/errorHandler.js","statementMap":{"0":{"start":{"line":2,"column":14},"end":{"line":2,"column":16}},"1":{"start":{"line":3,"column":15},"end":{"line":3,"column":17}},"2":{"start":{"line":5,"column":4},"end":{"line":28,"column":5}},"3":{"start":{"line":7,"column":25},"end":{"line":7,"column":27}},"4":{"start":{"line":8,"column":12},"end":{"line":10,"column":15}},"5":{"start":{"line":9,"column":16},"end":{"line":9,"column":40}},"6":{"start":{"line":11,"column":12},"end":{"line":11,"column":22}},"7":{"start":{"line":12,"column":12},"end":{"line":12,"column":29}},"8":{"start":{"line":13,"column":12},"end":{"line":13,"column":18}},"9":{"start":{"line":16,"column":12},"end":{"line":16,"column":22}},"10":{"start":{"line":17,"column":12},"end":{"line":17,"column":50}},"11":{"start":{"line":20,"column":12},"end":{"line":20,"column":22}},"12":{"start":{"line":21,"column":12},"end":{"line":21,"column":26}},"13":{"start":{"line":22,"column":12},"end":{"line":22,"column":17}},"14":{"start":{"line":25,"column":12},"end":{"line":25,"column":22}},"15":{"start":{"line":26,"column":12},"end":{"line":26,"column":41}},"16":{"start":{"line":27,"column":12},"end":{"line":27,"column":17}},"17":{"start":{"line":30,"column":4},"end":{"line":30,"column":39}},"18":{"start":{"line":33,"column":0},"end":{"line":33,"column":29}}},"fnMap":{"0":{"name":"errorHandler","decl":{"start":{"line":1,"column":9},"end":{"line":1,"column":21}},"loc":{"start":{"line":1,"column":44},"end":{"line":31,"column":1}},"line":1},"1":{"name":"(anonymous_1)","decl":{"start":{"line":8,"column":31},"end":{"line":8,"column":32}},"loc":{"start":{"line":8,"column":37},"end":{"line":10,"column":13}},"line":8}},"branchMap":{"0":{"loc":{"start":{"line":5,"column":4},"end":{"line":28,"column":5}},"type":"switch","locations":[{"start":{"line":6,"column":8},"end":{"line":13,"column":18}},{"start":{"line":15,"column":8},"end":{"line":17,"column":50}},{"start":{"line":19,"column":8},"end":{"line":22,"column":17}},{"start":{"line":24,"column":8},"end":{"line":27,"column":17}}],"line":5}},"s":{"0":13,"1":13,"2":13,"3":4,"4":4,"5":6,"6":4,"7":4,"8":4,"9":3,"10":3,"11":9,"12":9,"13":9,"14":0,"15":0,"16":0,"17":13,"18":5},"f":{"0":13,"1":6},"b":{"0":[4,3,9,0]},"_coverageSchema":"1a1c01bbd47fc00a2c39e90264f33305004495a9","hash":"8e7e7029e560e4ebeb686a98f0e8af1111d6686a"}
,"/media/adnankamil27/MEDIA/coding/hacktiv/Phase 2/w3/e.commerce/project w3/server/models/index.js": {"path":"/media/adnankamil27/MEDIA/coding/hacktiv/Phase 2/w3/e.commerce/project w3/server/models/index.js","statementMap":{"0":{"start":{"line":3,"column":11},"end":{"line":3,"column":24}},"1":{"start":{"line":4,"column":13},"end":{"line":4,"column":28}},"2":{"start":{"line":5,"column":18},"end":{"line":5,"column":38}},"3":{"start":{"line":6,"column":17},"end":{"line":6,"column":42}},"4":{"start":{"line":7,"column":12},"end":{"line":7,"column":49}},"5":{"start":{"line":8,"column":15},"end":{"line":8,"column":65}},"6":{"start":{"line":9,"column":11},"end":{"line":9,"column":13}},"7":{"start":{"line":12,"column":0},"end":{"line":16,"column":1}},"8":{"start":{"line":13,"column":2},"end":{"line":13,"column":74}},"9":{"start":{"line":15,"column":2},"end":{"line":15,"column":87}},"10":{"start":{"line":18,"column":0},"end":{"line":26,"column":5}},"11":{"start":{"line":21,"column":4},"end":{"line":21,"column":90}},"12":{"start":{"line":24,"column":18},"end":{"line":24,"column":85}},"13":{"start":{"line":25,"column":4},"end":{"line":25,"column":27}},"14":{"start":{"line":28,"column":0},"end":{"line":32,"column":3}},"15":{"start":{"line":29,"column":2},"end":{"line":31,"column":3}},"16":{"start":{"line":30,"column":4},"end":{"line":30,"column":32}},"17":{"start":{"line":34,"column":0},"end":{"line":34,"column":25}},"18":{"start":{"line":35,"column":0},"end":{"line":35,"column":25}},"19":{"start":{"line":37,"column":0},"end":{"line":37,"column":20}}},"fnMap":{"0":{"name":"(anonymous_0)","decl":{"start":{"line":20,"column":10},"end":{"line":20,"column":11}},"loc":{"start":{"line":20,"column":18},"end":{"line":22,"column":3}},"line":20},"1":{"name":"(anonymous_1)","decl":{"start":{"line":23,"column":11},"end":{"line":23,"column":12}},"loc":{"start":{"line":23,"column":19},"end":{"line":26,"column":3}},"line":23},"2":{"name":"(anonymous_2)","decl":{"start":{"line":28,"column":24},"end":{"line":28,"column":25}},"loc":{"start":{"line":28,"column":37},"end":{"line":32,"column":1}},"line":28}},"branchMap":{"0":{"loc":{"start":{"line":7,"column":12},"end":{"line":7,"column":49}},"type":"binary-expr","locations":[{"start":{"line":7,"column":12},"end":{"line":7,"column":32}},{"start":{"line":7,"column":36},"end":{"line":7,"column":49}}],"line":7},"1":{"loc":{"start":{"line":12,"column":0},"end":{"line":16,"column":1}},"type":"if","locations":[{"start":{"line":12,"column":0},"end":{"line":16,"column":1}},{"start":{"line":12,"column":0},"end":{"line":16,"column":1}}],"line":12},"2":{"loc":{"start":{"line":21,"column":11},"end":{"line":21,"column":89}},"type":"binary-expr","locations":[{"start":{"line":21,"column":12},"end":{"line":21,"column":35}},{"start":{"line":21,"column":41},"end":{"line":21,"column":58}},{"start":{"line":21,"column":64},"end":{"line":21,"column":88}}],"line":21},"3":{"loc":{"start":{"line":29,"column":2},"end":{"line":31,"column":3}},"type":"if","locations":[{"start":{"line":29,"column":2},"end":{"line":31,"column":3}},{"start":{"line":29,"column":2},"end":{"line":31,"column":3}}],"line":29}},"s":{"0":5,"1":5,"2":5,"3":5,"4":5,"5":5,"6":5,"7":5,"8":0,"9":5,"10":5,"11":15,"12":10,"13":10,"14":5,"15":10,"16":10,"17":5,"18":5,"19":5},"f":{"0":15,"1":10,"2":10},"b":{"0":[5,0],"1":[0,5],"2":[15,15,10],"3":[10,0]},"_coverageSchema":"1a1c01bbd47fc00a2c39e90264f33305004495a9","hash":"b4dba15ca41844f3ddbd02c7acda74e18bc4260c"}
,"/media/adnankamil27/MEDIA/coding/hacktiv/Phase 2/w3/e.commerce/project w3/server/models/product.js": {"path":"/media/adnankamil27/MEDIA/coding/hacktiv/Phase 2/w3/e.commerce/project w3/server/models/product.js","statementMap":{"0":{"start":{"line":4,"column":4},"end":{"line":4,"column":24}},"1":{"start":{"line":5,"column":0},"end":{"line":62,"column":2}},"2":{"start":{"line":16,"column":2},"end":{"line":60,"column":5}},"3":{"start":{"line":61,"column":2},"end":{"line":61,"column":17}}},"fnMap":{"0":{"name":"(anonymous_0)","decl":{"start":{"line":5,"column":17},"end":{"line":5,"column":18}},"loc":{"start":{"line":5,"column":43},"end":{"line":62,"column":1}},"line":5},"1":{"name":"(anonymous_1)","decl":{"start":{"line":12,"column":4},"end":{"line":12,"column":5}},"loc":{"start":{"line":12,"column":29},"end":{"line":14,"column":5}},"line":12}},"branchMap":{},"s":{"0":5,"1":5,"2":5,"3":5},"f":{"0":5,"1":5},"b":{},"_coverageSchema":"1a1c01bbd47fc00a2c39e90264f33305004495a9","hash":"cbf5f4344e7646aff5abb1f6172808ce878d124b"}
,"/media/adnankamil27/MEDIA/coding/hacktiv/Phase 2/w3/e.commerce/project w3/server/models/user.js": {"path":"/media/adnankamil27/MEDIA/coding/hacktiv/Phase 2/w3/e.commerce/project w3/server/models/user.js","statementMap":{"0":{"start":{"line":4,"column":4},"end":{"line":4,"column":24}},"1":{"start":{"line":5,"column":0},"end":{"line":25,"column":2}},"2":{"start":{"line":16,"column":2},"end":{"line":23,"column":5}},"3":{"start":{"line":24,"column":2},"end":{"line":24,"column":14}}},"fnMap":{"0":{"name":"(anonymous_0)","decl":{"start":{"line":5,"column":17},"end":{"line":5,"column":18}},"loc":{"start":{"line":5,"column":43},"end":{"line":25,"column":1}},"line":5},"1":{"name":"(anonymous_1)","decl":{"start":{"line":12,"column":4},"end":{"line":12,"column":5}},"loc":{"start":{"line":12,"column":29},"end":{"line":14,"column":5}},"line":12}},"branchMap":{},"s":{"0":5,"1":5,"2":5,"3":5},"f":{"0":5,"1":5},"b":{},"_coverageSchema":"1a1c01bbd47fc00a2c39e90264f33305004495a9","hash":"6fc4c844fa26c84c72dce2a800a23e5f2d08c5ff"}
,"/media/adnankamil27/MEDIA/coding/hacktiv/Phase 2/w3/e.commerce/project w3/server/routes/index.js": {"path":"/media/adnankamil27/MEDIA/coding/hacktiv/Phase 2/w3/e.commerce/project w3/server/routes/index.js","statementMap":{"0":{"start":{"line":1,"column":14},"end":{"line":1,"column":41}},"1":{"start":{"line":2,"column":23},"end":{"line":2,"column":63}},"2":{"start":{"line":3,"column":26},"end":{"line":3,"column":69}},"3":{"start":{"line":4,"column":22},"end":{"line":4,"column":60}},"4":{"start":{"line":5,"column":22},"end":{"line":5,"column":61}},"5":{"start":{"line":7,"column":0},"end":{"line":7,"column":42}},"6":{"start":{"line":9,"column":0},"end":{"line":9,"column":38}},"7":{"start":{"line":10,"column":0},"end":{"line":10,"column":46}},"8":{"start":{"line":11,"column":0},"end":{"line":11,"column":49}},"9":{"start":{"line":12,"column":0},"end":{"line":12,"column":52}},"10":{"start":{"line":13,"column":0},"end":{"line":13,"column":55}},"11":{"start":{"line":15,"column":0},"end":{"line":15,"column":22}}},"fnMap":{},"branchMap":{},"s":{"0":5,"1":5,"2":5,"3":5,"4":5,"5":5,"6":5,"7":5,"8":5,"9":5,"10":5,"11":5},"f":{},"b":{},"_coverageSchema":"1a1c01bbd47fc00a2c39e90264f33305004495a9","hash":"7fe31820760e9a2146d7fc0fa79f21c091240b5c"}
}
